<?xml version="1.0" encoding="UTF-8"?>
<!-- Generated by org.testng.reporters.JUnitReportReporter -->
<testsuite skipped="0" hostname="mahesh-PC" name="com.qa.selenium.concepts.keyboard_actions.MouseHoverAction" tests="1" failures="0" timestamp="13 Nov 2018 17:55:34 GMT" time="55.221" errors="0">
  <testcase name="mouseHovertest" time="55.221" classname="com.qa.selenium.concepts.keyboard_actions.MouseHoverAction"/>
</testsuite> <!-- com.qa.selenium.concepts.keyboard_actions.MouseHoverAction -->
