<?xml version="1.0" encoding="UTF-8"?>
<!-- Generated by org.testng.reporters.JUnitReportReporter -->
<testsuite skipped="0" hostname="mahesh-PC" name="com.qa.selenium.concepts.multiple_windows.MultipleWindowsHandle" tests="1" failures="0" timestamp="13 Nov 2018 19:02:29 GMT" time="20.252" errors="0">
  <testcase name="testHandleMultipleWindow" time="20.252" classname="com.qa.selenium.concepts.multiple_windows.MultipleWindowsHandle"/>
</testsuite> <!-- com.qa.selenium.concepts.multiple_windows.MultipleWindowsHandle -->
