<?xml version="1.0" encoding="UTF-8"?>
<!-- Generated by org.testng.reporters.JUnitReportReporter -->
<testsuite skipped="0" hostname="mahesh-PC" name="com.qa.selenium.concepts.keyboard_actions.RightClickOnElement" tests="1" failures="0" timestamp="13 Nov 2018 18:18:42 GMT" time="11.959" errors="0">
  <testcase name="testRightClickAction" time="11.959" classname="com.qa.selenium.concepts.keyboard_actions.RightClickOnElement"/>
</testsuite> <!-- com.qa.selenium.concepts.keyboard_actions.RightClickOnElement -->
