<?xml version="1.0" encoding="UTF-8"?>
<!-- Generated by org.testng.reporters.JUnitReportReporter -->
<testsuite skipped="0" hostname="mahesh-PC" name="com.qa.selenium.concepts.keyboard_actions.DragDropActions" tests="1" failures="0" timestamp="13 Nov 2018 17:16:56 GMT" time="22.103" errors="0">
  <testcase name="dragDropTest" time="22.103" classname="com.qa.selenium.concepts.keyboard_actions.DragDropActions"/>
</testsuite> <!-- com.qa.selenium.concepts.keyboard_actions.DragDropActions -->
